<?xml version="1.0" encoding="UTF-8"?>
<testng-results skipped="0" failed="0" ignored="0" total="0" passed="0">
  <reporter-output>
  </reporter-output>
  <suite name="Automation Test" duration-ms="4" started-at="2018-03-25T14:39:40Z" finished-at="2018-03-25T14:39:40Z">
    <groups>
    </groups>
    <test name="Smoke Testcases" duration-ms="4" started-at="2018-03-25T14:39:40Z" finished-at="2018-03-25T14:39:40Z">
    </test> <!-- Smoke Testcases -->
  </suite> <!-- Automation Test -->
</testng-results>
